****************************************
载入数据中
./data/train.csv文件加载完成，共计49组数据
./data/test.csv文件加载完成，共计49组数据
数据载入完成
2022-09-20 22:23:18,435 : swarm.mlCnt : INFO : Setting up ml layer for the swarm node: START
2022-09-20 22:23:18,437 : swarm.mlCnt : INFO : ML is running on a normal fullnode!
2022-09-20 22:23:18,525 : swarm.mlCnt : INFO : Instantiating file services for ml node 172.18.0.6
SMLFS: Loading State File : /platform/swarmml/SMLNODE/smlfs_state_latest.json
localIp for fs service = 172.18.0.6
2022-09-20 22:23:18,532 : swarm.mlCnt : INFO : Successfully completed the initialization of ML container ...
2022-09-20 22:23:18,550 : swarm.mlCnt : INFO : ***Swarm Callback Params***
2022-09-20 22:23:18,550 : swarm.mlCnt : INFO : sync_interval: 128
2022-09-20 22:23:18,550 : swarm.mlCnt : INFO : min_peers: 3
2022-09-20 22:23:18,550 : swarm.mlCnt : INFO : max_peers: 0
2022-09-20 22:23:18,550 : swarm.mlCnt : INFO : val_batch_size: 128
2022-09-20 22:23:18,550 : swarm.mlCnt : INFO : ***************************
2022-09-20 22:23:18,550 : swarm.mlCnt : INFO : Creating object for context: defaultbb.cqdb.sml.hpe
2022-09-20 22:23:21,603 : swarm.smlCBB : INFO : ***Swarm Network Configuration***
2022-09-20 22:23:21,604 : swarm.smlCBB : INFO : Context:defaultbb.cqdb.sml.hpe
2022-09-20 22:23:21,604 : swarm.smlCBB : INFO :     syncInterval      : 128
2022-09-20 22:23:21,604 : swarm.smlCBB : INFO :     min_peers         : 3
2022-09-20 22:23:21,604 : swarm.smlCBB : INFO :     blackboard_set_by : 172.18.0.6
2022-09-20 22:23:21,604 : swarm.smlCBB : INFO :     adaptive_sync     : False
2022-09-20 22:23:21,604 : swarm.smlCBB : INFO : ***************************
2022-09-20 22:23:21,627 : swarm.mlCnt : INFO : Merging ...
读取的值 False
读取的值 False
Fist epoch do not load
/opt/conda/lib/python3.7/site-packages/torch/nn/_reduction.py:43: UserWarning: size_average and reduce args will be deprecated, please use reduction='none' instead.
  warnings.warn(warning.format(ret))
Train Epoch: 1 [0/49 (0%)]	Loss: 12.892081
epoch=1, 模型已刷新存储至net_1.pkl
读取的值 True
读取的值 False
Global model have better performance
Train Epoch: 2 [0/49 (0%)]	Loss: 10.553761
epoch=2, 模型已刷新存储至net_1.pkl
读取的值 True
读取的值 False
Global model have better performance
Train Epoch: 3 [0/49 (0%)]	Loss: 5.859715
epoch=3, 模型已刷新存储至net_1.pkl
读取的值 True
读取的值 False
Global model have better performance
Train Epoch: 4 [0/49 (0%)]	Loss: 2.226555
epoch=4, 模型已刷新存储至net_1.pkl
读取的值 True
读取的值 False
Local model better, do not load
Train Epoch: 5 [0/49 (0%)]	Loss: 1.714414
epoch=5, 模型已刷新存储至net_1.pkl
读取的值 True
读取的值 False
Global model have better performance
Train Epoch: 6 [0/49 (0%)]	Loss: 2.055848
epoch=6, 模型已刷新存储至net_1.pkl
读取的值 True
读取的值 False
Local model better, do not load
Train Epoch: 7 [0/49 (0%)]	Loss: 1.499788
